
> parkgolf-admin-api@0.0.1 start:dev
> cross-env NODE_ENV=development nest start --watch

[2J[3J[H[[90m11:20:07 AM[0m] Starting compilation in watch mode...

[[90m11:20:08 AM[0m] Found 0 errors. Watching for file changes.

[32m[Nest] 5218  - [39m06/28/2025, 11:20:09 AM [32m    LOG[39m [38;5;3m[NestFactory] [39m[32mStarting Nest application...[39m
[32m[Nest] 5218  - [39m06/28/2025, 11:20:09 AM [32m    LOG[39m [38;5;3m[InstanceLoader] [39m[32mPrismaModule dependencies initialized[39m[38;5;3m +262ms[39m
[32m[Nest] 5218  - [39m06/28/2025, 11:20:09 AM [32m    LOG[39m [38;5;3m[InstanceLoader] [39m[32mConfigHostModule dependencies initialized[39m[38;5;3m +4ms[39m
[32m[Nest] 5218  - [39m06/28/2025, 11:20:09 AM [32m    LOG[39m [38;5;3m[InstanceLoader] [39m[32mConfigModule dependencies initialized[39m[38;5;3m +0ms[39m
[32m[Nest] 5218  - [39m06/28/2025, 11:20:09 AM [32m    LOG[39m [38;5;3m[InstanceLoader] [39m[32mConfigModule dependencies initialized[39m[38;5;3m +0ms[39m
[32m[Nest] 5218  - [39m06/28/2025, 11:20:09 AM [32m    LOG[39m [38;5;3m[InstanceLoader] [39m[32mCommonModule dependencies initialized[39m[38;5;3m +42ms[39m
[32m[Nest] 5218  - [39m06/28/2025, 11:20:09 AM [32m    LOG[39m [38;5;3m[InstanceLoader] [39m[32mClientsModule dependencies initialized[39m[38;5;3m +0ms[39m
[32m[Nest] 5218  - [39m06/28/2025, 11:20:09 AM [32m    LOG[39m [38;5;3m[InstanceLoader] [39m[32mNatsServicesModule dependencies initialized[39m[38;5;3m +0ms[39m
[32m[Nest] 5218  - [39m06/28/2025, 11:20:09 AM [32m    LOG[39m [38;5;3m[InstanceLoader] [39m[32mAppModule dependencies initialized[39m[38;5;3m +0ms[39m
[33m[Nest] 5218  - [39m06/28/2025, 11:20:09 AM [33m   WARN[39m [38;5;3m[NestMicroservice] [39m[33mCannot apply global exception filters: registration must occur before initialization.[39m[38;5;3m +2ms[39m
[32m[Nest] 5218  - [39m06/28/2025, 11:20:09 AM [32m    LOG[39m [38;5;3m[Bootstrap] [39m[32m🔗 NATS microservice client configured: nats://localhost:4222[39m
[32m[Nest] 5218  - [39m06/28/2025, 11:20:09 AM [32m    LOG[39m [38;5;3m[NestMicroservice] [39m[32mNest microservice successfully started[39m[38;5;3m +157ms[39m
[32m[Nest] 5218  - [39m06/28/2025, 11:20:09 AM [32m    LOG[39m [38;5;3m[RoutesResolver] [39m[32mAppController {/}:[39m[38;5;3m +2ms[39m
[32m[Nest] 5218  - [39m06/28/2025, 11:20:09 AM [32m    LOG[39m [38;5;3m[RouterExplorer] [39m[32mMapped {/, GET} route[39m[38;5;3m +0ms[39m
[32m[Nest] 5218  - [39m06/28/2025, 11:20:09 AM [32m    LOG[39m [38;5;3m[RoutesResolver] [39m[32mAdminAuthController {/api/admin/auth}:[39m[38;5;3m +1ms[39m
[32m[Nest] 5218  - [39m06/28/2025, 11:20:09 AM [32m    LOG[39m [38;5;3m[RouterExplorer] [39m[32mMapped {/api/admin/auth/login, POST} route[39m[38;5;3m +0ms[39m
[32m[Nest] 5218  - [39m06/28/2025, 11:20:09 AM [32m    LOG[39m [38;5;3m[RouterExplorer] [39m[32mMapped {/api/admin/auth/refresh, POST} route[39m[38;5;3m +0ms[39m
[32m[Nest] 5218  - [39m06/28/2025, 11:20:09 AM [32m    LOG[39m [38;5;3m[RouterExplorer] [39m[32mMapped {/api/admin/auth/validate, POST} route[39m[38;5;3m +0ms[39m
[32m[Nest] 5218  - [39m06/28/2025, 11:20:09 AM [32m    LOG[39m [38;5;3m[RoutesResolver] [39m[32mAdminUsersController {/api/admin/users}:[39m[38;5;3m +0ms[39m
[32m[Nest] 5218  - [39m06/28/2025, 11:20:09 AM [32m    LOG[39m [38;5;3m[RouterExplorer] [39m[32mMapped {/api/admin/users, GET} route[39m[38;5;3m +0ms[39m
[32m[Nest] 5218  - [39m06/28/2025, 11:20:09 AM [32m    LOG[39m [38;5;3m[RouterExplorer] [39m[32mMapped {/api/admin/users/:userId, GET} route[39m[38;5;3m +0ms[39m
[32m[Nest] 5218  - [39m06/28/2025, 11:20:09 AM [32m    LOG[39m [38;5;3m[RouterExplorer] [39m[32mMapped {/api/admin/users, POST} route[39m[38;5;3m +0ms[39m
[32m[Nest] 5218  - [39m06/28/2025, 11:20:09 AM [32m    LOG[39m [38;5;3m[RouterExplorer] [39m[32mMapped {/api/admin/users/:userId, PATCH} route[39m[38;5;3m +0ms[39m
[32m[Nest] 5218  - [39m06/28/2025, 11:20:09 AM [32m    LOG[39m [38;5;3m[RouterExplorer] [39m[32mMapped {/api/admin/users/:userId, DELETE} route[39m[38;5;3m +1ms[39m
[32m[Nest] 5218  - [39m06/28/2025, 11:20:09 AM [32m    LOG[39m [38;5;3m[RouterExplorer] [39m[32mMapped {/api/admin/users/stats/overview, GET} route[39m[38;5;3m +0ms[39m
[32m[Nest] 5218  - [39m06/28/2025, 11:20:09 AM [32m    LOG[39m [38;5;3m[RoutesResolver] [39m[32mAdminCoursesController {/api/admin/courses}:[39m[38;5;3m +0ms[39m
[32m[Nest] 5218  - [39m06/28/2025, 11:20:09 AM [32m    LOG[39m [38;5;3m[RouterExplorer] [39m[32mMapped {/api/admin/courses/companies, GET} route[39m[38;5;3m +0ms[39m
[32m[Nest] 5218  - [39m06/28/2025, 11:20:09 AM [32m    LOG[39m [38;5;3m[RouterExplorer] [39m[32mMapped {/api/admin/courses/companies/:companyId, GET} route[39m[38;5;3m +0ms[39m
[32m[Nest] 5218  - [39m06/28/2025, 11:20:09 AM [32m    LOG[39m [38;5;3m[RouterExplorer] [39m[32mMapped {/api/admin/courses/companies, POST} route[39m[38;5;3m +0ms[39m
[32m[Nest] 5218  - [39m06/28/2025, 11:20:09 AM [32m    LOG[39m [38;5;3m[RouterExplorer] [39m[32mMapped {/api/admin/courses/companies/:companyId, PATCH} route[39m[38;5;3m +0ms[39m
[32m[Nest] 5218  - [39m06/28/2025, 11:20:09 AM [32m    LOG[39m [38;5;3m[RouterExplorer] [39m[32mMapped {/api/admin/courses/companies/:companyId, DELETE} route[39m[38;5;3m +0ms[39m
[32m[Nest] 5218  - [39m06/28/2025, 11:20:09 AM [32m    LOG[39m [38;5;3m[RouterExplorer] [39m[32mMapped {/api/admin/courses, GET} route[39m[38;5;3m +0ms[39m
[32m[Nest] 5218  - [39m06/28/2025, 11:20:09 AM [32m    LOG[39m [38;5;3m[RouterExplorer] [39m[32mMapped {/api/admin/courses/:courseId, GET} route[39m[38;5;3m +0ms[39m
[32m[Nest] 5218  - [39m06/28/2025, 11:20:09 AM [32m    LOG[39m [38;5;3m[RouterExplorer] [39m[32mMapped {/api/admin/courses, POST} route[39m[38;5;3m +0ms[39m
[32m[Nest] 5218  - [39m06/28/2025, 11:20:09 AM [32m    LOG[39m [38;5;3m[RouterExplorer] [39m[32mMapped {/api/admin/courses/:courseId, PATCH} route[39m[38;5;3m +0ms[39m
[32m[Nest] 5218  - [39m06/28/2025, 11:20:09 AM [32m    LOG[39m [38;5;3m[RouterExplorer] [39m[32mMapped {/api/admin/courses/:courseId, DELETE} route[39m[38;5;3m +0ms[39m
[32m[Nest] 5218  - [39m06/28/2025, 11:20:09 AM [32m    LOG[39m [38;5;3m[RouterExplorer] [39m[32mMapped {/api/admin/courses/:courseId/time-slots, GET} route[39m[38;5;3m +0ms[39m
[32m[Nest] 5218  - [39m06/28/2025, 11:20:09 AM [32m    LOG[39m [38;5;3m[RouterExplorer] [39m[32mMapped {/api/admin/courses/:courseId/time-slots, POST} route[39m[38;5;3m +0ms[39m
[32m[Nest] 5218  - [39m06/28/2025, 11:20:09 AM [32m    LOG[39m [38;5;3m[RouterExplorer] [39m[32mMapped {/api/admin/courses/:courseId/time-slots/:timeSlotId, PATCH} route[39m[38;5;3m +1ms[39m
[32m[Nest] 5218  - [39m06/28/2025, 11:20:09 AM [32m    LOG[39m [38;5;3m[RouterExplorer] [39m[32mMapped {/api/admin/courses/:courseId/time-slots/:timeSlotId, DELETE} route[39m[38;5;3m +0ms[39m
[32m[Nest] 5218  - [39m06/28/2025, 11:20:09 AM [32m    LOG[39m [38;5;3m[RouterExplorer] [39m[32mMapped {/api/admin/courses/:courseId/weekly-schedule, GET} route[39m[38;5;3m +0ms[39m
[32m[Nest] 5218  - [39m06/28/2025, 11:20:09 AM [32m    LOG[39m [38;5;3m[RouterExplorer] [39m[32mMapped {/api/admin/courses/:courseId/weekly-schedule, PATCH} route[39m[38;5;3m +0ms[39m
[32m[Nest] 5218  - [39m06/28/2025, 11:20:09 AM [32m    LOG[39m [38;5;3m[RouterExplorer] [39m[32mMapped {/api/admin/courses/stats/overview, GET} route[39m[38;5;3m +0ms[39m
[32m[Nest] 5218  - [39m06/28/2025, 11:20:09 AM [32m    LOG[39m [38;5;3m[RoutesResolver] [39m[32mAdminBookingsController {/api/admin/bookings}:[39m[38;5;3m +0ms[39m
[32m[Nest] 5218  - [39m06/28/2025, 11:20:09 AM [32m    LOG[39m [38;5;3m[RouterExplorer] [39m[32mMapped {/api/admin/bookings, GET} route[39m[38;5;3m +0ms[39m
[32m[Nest] 5218  - [39m06/28/2025, 11:20:09 AM [32m    LOG[39m [38;5;3m[RouterExplorer] [39m[32mMapped {/api/admin/bookings/:bookingId, GET} route[39m[38;5;3m +0ms[39m
[32m[Nest] 5218  - [39m06/28/2025, 11:20:09 AM [32m    LOG[39m [38;5;3m[RouterExplorer] [39m[32mMapped {/api/admin/bookings, POST} route[39m[38;5;3m +0ms[39m
[32m[Nest] 5218  - [39m06/28/2025, 11:20:09 AM [32m    LOG[39m [38;5;3m[RouterExplorer] [39m[32mMapped {/api/admin/bookings/:bookingId, PATCH} route[39m[38;5;3m +0ms[39m
[32m[Nest] 5218  - [39m06/28/2025, 11:20:09 AM [32m    LOG[39m [38;5;3m[RouterExplorer] [39m[32mMapped {/api/admin/bookings/:bookingId/cancel, PATCH} route[39m[38;5;3m +0ms[39m
[32m[Nest] 5218  - [39m06/28/2025, 11:20:09 AM [32m    LOG[39m [38;5;3m[RouterExplorer] [39m[32mMapped {/api/admin/bookings/:bookingId/confirm, PATCH} route[39m[38;5;3m +0ms[39m
[32m[Nest] 5218  - [39m06/28/2025, 11:20:09 AM [32m    LOG[39m [38;5;3m[RouterExplorer] [39m[32mMapped {/api/admin/bookings/:bookingId/complete, PATCH} route[39m[38;5;3m +0ms[39m
[32m[Nest] 5218  - [39m06/28/2025, 11:20:09 AM [32m    LOG[39m [38;5;3m[RouterExplorer] [39m[32mMapped {/api/admin/bookings/:bookingId/no-show, PATCH} route[39m[38;5;3m +0ms[39m
[32m[Nest] 5218  - [39m06/28/2025, 11:20:09 AM [32m    LOG[39m [38;5;3m[RouterExplorer] [39m[32mMapped {/api/admin/bookings/payments/list, GET} route[39m[38;5;3m +0ms[39m
[32m[Nest] 5218  - [39m06/28/2025, 11:20:09 AM [32m    LOG[39m [38;5;3m[RouterExplorer] [39m[32mMapped {/api/admin/bookings/payments/:paymentId, GET} route[39m[38;5;3m +0ms[39m
[32m[Nest] 5218  - [39m06/28/2025, 11:20:09 AM [32m    LOG[39m [38;5;3m[RouterExplorer] [39m[32mMapped {/api/admin/bookings/payments/:paymentId/refund, POST} route[39m[38;5;3m +0ms[39m
[32m[Nest] 5218  - [39m06/28/2025, 11:20:09 AM [32m    LOG[39m [38;5;3m[RouterExplorer] [39m[32mMapped {/api/admin/bookings/history/list, GET} route[39m[38;5;3m +0ms[39m
[32m[Nest] 5218  - [39m06/28/2025, 11:20:09 AM [32m    LOG[39m [38;5;3m[RouterExplorer] [39m[32mMapped {/api/admin/bookings/stats/overview, GET} route[39m[38;5;3m +0ms[39m
[32m[Nest] 5218  - [39m06/28/2025, 11:20:09 AM [32m    LOG[39m [38;5;3m[RouterExplorer] [39m[32mMapped {/api/admin/bookings/stats/revenue, GET} route[39m[38;5;3m +0ms[39m
[32m[Nest] 5218  - [39m06/28/2025, 11:20:09 AM [32m    LOG[39m [38;5;3m[RouterExplorer] [39m[32mMapped {/api/admin/bookings/user/:userId, GET} route[39m[38;5;3m +0ms[39m
[32m[Nest] 5218  - [39m06/28/2025, 11:20:09 AM [32m    LOG[39m [38;5;3m[RouterExplorer] [39m[32mMapped {/api/admin/bookings/course/:courseId, GET} route[39m[38;5;3m +0ms[39m
[32m[Nest] 5218  - [39m06/28/2025, 11:20:09 AM [32m    LOG[39m [38;5;3m[RoutesResolver] [39m[32mAdminNotificationsController {/api/admin/notifications}:[39m[38;5;3m +0ms[39m
[32m[Nest] 5218  - [39m06/28/2025, 11:20:09 AM [32m    LOG[39m [38;5;3m[RouterExplorer] [39m[32mMapped {/api/admin/notifications, GET} route[39m[38;5;3m +0ms[39m
[32m[Nest] 5218  - [39m06/28/2025, 11:20:09 AM [32m    LOG[39m [38;5;3m[RouterExplorer] [39m[32mMapped {/api/admin/notifications/:notificationId, GET} route[39m[38;5;3m +0ms[39m
[32m[Nest] 5218  - [39m06/28/2025, 11:20:09 AM [32m    LOG[39m [38;5;3m[RouterExplorer] [39m[32mMapped {/api/admin/notifications, POST} route[39m[38;5;3m +1ms[39m
[32m[Nest] 5218  - [39m06/28/2025, 11:20:09 AM [32m    LOG[39m [38;5;3m[RouterExplorer] [39m[32mMapped {/api/admin/notifications/send-bulk, POST} route[39m[38;5;3m +0ms[39m
[32m[Nest] 5218  - [39m06/28/2025, 11:20:09 AM [32m    LOG[39m [38;5;3m[RouterExplorer] [39m[32mMapped {/api/admin/notifications/user/:userId, GET} route[39m[38;5;3m +0ms[39m
[32m[Nest] 5218  - [39m06/28/2025, 11:20:09 AM [32m    LOG[39m [38;5;3m[RouterExplorer] [39m[32mMapped {/api/admin/notifications/:notificationId/mark-read/:userId, POST} route[39m[38;5;3m +0ms[39m
[32m[Nest] 5218  - [39m06/28/2025, 11:20:09 AM [32m    LOG[39m [38;5;3m[RouterExplorer] [39m[32mMapped {/api/admin/notifications/mark-all-read/:userId, POST} route[39m[38;5;3m +0ms[39m
[32m[Nest] 5218  - [39m06/28/2025, 11:20:09 AM [32m    LOG[39m [38;5;3m[RouterExplorer] [39m[32mMapped {/api/admin/notifications/templates/list, GET} route[39m[38;5;3m +0ms[39m
[32m[Nest] 5218  - [39m06/28/2025, 11:20:09 AM [32m    LOG[39m [38;5;3m[RouterExplorer] [39m[32mMapped {/api/admin/notifications/templates/:templateId, GET} route[39m[38;5;3m +0ms[39m
[32m[Nest] 5218  - [39m06/28/2025, 11:20:09 AM [32m    LOG[39m [38;5;3m[RouterExplorer] [39m[32mMapped {/api/admin/notifications/templates, POST} route[39m[38;5;3m +0ms[39m
[32m[Nest] 5218  - [39m06/28/2025, 11:20:09 AM [32m    LOG[39m [38;5;3m[RouterExplorer] [39m[32mMapped {/api/admin/notifications/templates/:templateId, PATCH} route[39m[38;5;3m +0ms[39m
[32m[Nest] 5218  - [39m06/28/2025, 11:20:09 AM [32m    LOG[39m [38;5;3m[RouterExplorer] [39m[32mMapped {/api/admin/notifications/templates/:templateId, DELETE} route[39m[38;5;3m +0ms[39m
[32m[Nest] 5218  - [39m06/28/2025, 11:20:09 AM [32m    LOG[39m [38;5;3m[RouterExplorer] [39m[32mMapped {/api/admin/notifications/templates/:templateId/test, POST} route[39m[38;5;3m +0ms[39m
[32m[Nest] 5218  - [39m06/28/2025, 11:20:09 AM [32m    LOG[39m [38;5;3m[RouterExplorer] [39m[32mMapped {/api/admin/notifications/preferences/:userId, GET} route[39m[38;5;3m +0ms[39m
[32m[Nest] 5218  - [39m06/28/2025, 11:20:09 AM [32m    LOG[39m [38;5;3m[RouterExplorer] [39m[32mMapped {/api/admin/notifications/preferences/:userId, PATCH} route[39m[38;5;3m +0ms[39m
[32m[Nest] 5218  - [39m06/28/2025, 11:20:09 AM [32m    LOG[39m [38;5;3m[RouterExplorer] [39m[32mMapped {/api/admin/notifications/stats/overview, GET} route[39m[38;5;3m +0ms[39m
[32m[Nest] 5218  - [39m06/28/2025, 11:20:09 AM [32m    LOG[39m [38;5;3m[RouterExplorer] [39m[32mMapped {/api/admin/notifications/stats/delivery, GET} route[39m[38;5;3m +0ms[39m
[32m[Nest] 5218  - [39m06/28/2025, 11:20:09 AM [32m    LOG[39m [38;5;3m[RouterExplorer] [39m[32mMapped {/api/admin/notifications/campaigns/list, GET} route[39m[38;5;3m +0ms[39m
[32m[Nest] 5218  - [39m06/28/2025, 11:20:09 AM [32m    LOG[39m [38;5;3m[RouterExplorer] [39m[32mMapped {/api/admin/notifications/campaigns, POST} route[39m[38;5;3m +0ms[39m
[32m[Nest] 5218  - [39m06/28/2025, 11:20:09 AM [32m    LOG[39m [38;5;3m[RoutesResolver] [39m[32mAdminDashboardController {/api/admin/dashboard}:[39m[38;5;3m +0ms[39m
[32m[Nest] 5218  - [39m06/28/2025, 11:20:09 AM [32m    LOG[39m [38;5;3m[RouterExplorer] [39m[32mMapped {/api/admin/dashboard/overview, GET} route[39m[38;5;3m +0ms[39m
[32m[Nest] 5218  - [39m06/28/2025, 11:20:09 AM [32m    LOG[39m [38;5;3m[RouterExplorer] [39m[32mMapped {/api/admin/dashboard/stats/real-time, GET} route[39m[38;5;3m +0ms[39m
[32m[Nest] 5218  - [39m06/28/2025, 11:20:09 AM [32m    LOG[39m [38;5;3m[RouterExplorer] [39m[32mMapped {/api/admin/dashboard/stats/trends, GET} route[39m[38;5;3m +0ms[39m
[32m[Nest] 5218  - [39m06/28/2025, 11:20:09 AM [32m    LOG[39m [38;5;3m[RouterExplorer] [39m[32mMapped {/api/admin/dashboard/stats/performance, GET} route[39m[38;5;3m +0ms[39m
[32m[Nest] 5218  - [39m06/28/2025, 11:20:09 AM [32m    LOG[39m [38;5;3m[RouterExplorer] [39m[32mMapped {/api/admin/dashboard/stats/top-metrics, GET} route[39m[38;5;3m +0ms[39m
[32m[Nest] 5218  - [39m06/28/2025, 11:20:09 AM [32m    LOG[39m [38;5;3m[RouterExplorer] [39m[32mMapped {/api/admin/dashboard/stats/alerts, GET} route[39m[38;5;3m +1ms[39m
[32m[Nest] 5218  - [39m06/28/2025, 11:20:09 AM [32m    LOG[39m [38;5;3m[RoutesResolver] [39m[32mHealthController {/health}:[39m[38;5;3m +0ms[39m
[32m[Nest] 5218  - [39m06/28/2025, 11:20:09 AM [32m    LOG[39m [38;5;3m[RouterExplorer] [39m[32mMapped {/health, GET} route[39m[38;5;3m +0ms[39m
[32m[Nest] 5218  - [39m06/28/2025, 11:20:09 AM [32m    LOG[39m [38;5;3m[RouterExplorer] [39m[32mMapped {/health/ready, GET} route[39m[38;5;3m +0ms[39m
[32m[Nest] 5218  - [39m06/28/2025, 11:20:09 AM [32m    LOG[39m [38;5;3m[RouterExplorer] [39m[32mMapped {/health/live, GET} route[39m[38;5;3m +0ms[39m
prisma:info Starting a postgresql pool with 17 connections.
[32m[Nest] 5218  - [39m06/28/2025, 11:20:09 AM [32m    LOG[39m [38;5;3m[PrismaService] [39m[32m🗄️  Database connected for parkgolf-admin-api[39m
[32m[Nest] 5218  - [39m06/28/2025, 11:20:09 AM [32m    LOG[39m [38;5;3m[NestApplication] [39m[32mNest application successfully started[39m[38;5;3m +2ms[39m
[32m[Nest] 5218  - [39m06/28/2025, 11:20:09 AM [32m    LOG[39m [38;5;3m[Bootstrap] [39m[32m🚀 Parkgolf Admin BFF is running on port 3015[39m
[32m[Nest] 5218  - [39m06/28/2025, 11:20:09 AM [32m    LOG[39m [38;5;3m[Bootstrap] [39m[32m📚 Swagger docs: http://localhost:3015/api-docs[39m
[32m[Nest] 5218  - [39m06/28/2025, 11:20:09 AM [32m    LOG[39m [38;5;3m[Bootstrap] [39m[32m🔗 NATS microservice connected to: nats://localhost:4222[39m
[32m[Nest] 5218  - [39m06/28/2025, 11:20:09 AM [32m    LOG[39m [38;5;3m[Bootstrap] [39m[32m🎯 BFF serving admin dashboard via NATS communication[39m
[2J[3J[H[[90m11:20:31 AM[0m] File change detected. Starting incremental compilation...

[[90m11:20:31 AM[0m] Found 0 errors. Watching for file changes.

[32m[Nest] 5288  - [39m06/28/2025, 11:20:31 AM [32m    LOG[39m [38;5;3m[NestFactory] [39m[32mStarting Nest application...[39m
[32m[Nest] 5288  - [39m06/28/2025, 11:20:32 AM [32m    LOG[39m [38;5;3m[InstanceLoader] [39m[32mPrismaModule dependencies initialized[39m[38;5;3m +239ms[39m
[32m[Nest] 5288  - [39m06/28/2025, 11:20:32 AM [32m    LOG[39m [38;5;3m[InstanceLoader] [39m[32mConfigHostModule dependencies initialized[39m[38;5;3m +2ms[39m
[32m[Nest] 5288  - [39m06/28/2025, 11:20:32 AM [32m    LOG[39m [38;5;3m[InstanceLoader] [39m[32mConfigModule dependencies initialized[39m[38;5;3m +0ms[39m
[32m[Nest] 5288  - [39m06/28/2025, 11:20:32 AM [32m    LOG[39m [38;5;3m[InstanceLoader] [39m[32mConfigModule dependencies initialized[39m[38;5;3m +0ms[39m
[32m[Nest] 5288  - [39m06/28/2025, 11:20:32 AM [32m    LOG[39m [38;5;3m[InstanceLoader] [39m[32mCommonModule dependencies initialized[39m[38;5;3m +26ms[39m
[32m[Nest] 5288  - [39m06/28/2025, 11:20:32 AM [32m    LOG[39m [38;5;3m[InstanceLoader] [39m[32mClientsModule dependencies initialized[39m[38;5;3m +0ms[39m
[32m[Nest] 5288  - [39m06/28/2025, 11:20:32 AM [32m    LOG[39m [38;5;3m[InstanceLoader] [39m[32mNatsServicesModule dependencies initialized[39m[38;5;3m +0ms[39m
[32m[Nest] 5288  - [39m06/28/2025, 11:20:32 AM [32m    LOG[39m [38;5;3m[InstanceLoader] [39m[32mAppModule dependencies initialized[39m[38;5;3m +0ms[39m
[33m[Nest] 5288  - [39m06/28/2025, 11:20:32 AM [33m   WARN[39m [38;5;3m[NestMicroservice] [39m[33mCannot apply global exception filters: registration must occur before initialization.[39m[38;5;3m +2ms[39m
[32m[Nest] 5288  - [39m06/28/2025, 11:20:32 AM [32m    LOG[39m [38;5;3m[Bootstrap] [39m[32m🔗 NATS microservice client configured: nats://localhost:4222[39m
[32m[Nest] 5288  - [39m06/28/2025, 11:20:32 AM [32m    LOG[39m [38;5;3m[NestMicroservice] [39m[32mNest microservice successfully started[39m[38;5;3m +76ms[39m
[32m[Nest] 5288  - [39m06/28/2025, 11:20:32 AM [32m    LOG[39m [38;5;3m[RoutesResolver] [39m[32mAppController {/}:[39m[38;5;3m +1ms[39m
[32m[Nest] 5288  - [39m06/28/2025, 11:20:32 AM [32m    LOG[39m [38;5;3m[RouterExplorer] [39m[32mMapped {/, GET} route[39m[38;5;3m +1ms[39m
[32m[Nest] 5288  - [39m06/28/2025, 11:20:32 AM [32m    LOG[39m [38;5;3m[RoutesResolver] [39m[32mAdminAuthController {/api/admin/auth}:[39m[38;5;3m +0ms[39m
[32m[Nest] 5288  - [39m06/28/2025, 11:20:32 AM [32m    LOG[39m [38;5;3m[RouterExplorer] [39m[32mMapped {/api/admin/auth/login, POST} route[39m[38;5;3m +0ms[39m
[32m[Nest] 5288  - [39m06/28/2025, 11:20:32 AM [32m    LOG[39m [38;5;3m[RouterExplorer] [39m[32mMapped {/api/admin/auth/refresh, POST} route[39m[38;5;3m +0ms[39m
[32m[Nest] 5288  - [39m06/28/2025, 11:20:32 AM [32m    LOG[39m [38;5;3m[RouterExplorer] [39m[32mMapped {/api/admin/auth/validate, POST} route[39m[38;5;3m +0ms[39m
[32m[Nest] 5288  - [39m06/28/2025, 11:20:32 AM [32m    LOG[39m [38;5;3m[RoutesResolver] [39m[32mAdminUsersController {/api/admin/users}:[39m[38;5;3m +0ms[39m
[32m[Nest] 5288  - [39m06/28/2025, 11:20:32 AM [32m    LOG[39m [38;5;3m[RouterExplorer] [39m[32mMapped {/api/admin/users, GET} route[39m[38;5;3m +1ms[39m
[32m[Nest] 5288  - [39m06/28/2025, 11:20:32 AM [32m    LOG[39m [38;5;3m[RouterExplorer] [39m[32mMapped {/api/admin/users/:userId, GET} route[39m[38;5;3m +0ms[39m
[32m[Nest] 5288  - [39m06/28/2025, 11:20:32 AM [32m    LOG[39m [38;5;3m[RouterExplorer] [39m[32mMapped {/api/admin/users, POST} route[39m[38;5;3m +0ms[39m
[32m[Nest] 5288  - [39m06/28/2025, 11:20:32 AM [32m    LOG[39m [38;5;3m[RouterExplorer] [39m[32mMapped {/api/admin/users/:userId, PATCH} route[39m[38;5;3m +0ms[39m
[32m[Nest] 5288  - [39m06/28/2025, 11:20:32 AM [32m    LOG[39m [38;5;3m[RouterExplorer] [39m[32mMapped {/api/admin/users/:userId, DELETE} route[39m[38;5;3m +0ms[39m
[32m[Nest] 5288  - [39m06/28/2025, 11:20:32 AM [32m    LOG[39m [38;5;3m[RouterExplorer] [39m[32mMapped {/api/admin/users/stats/overview, GET} route[39m[38;5;3m +0ms[39m
[32m[Nest] 5288  - [39m06/28/2025, 11:20:32 AM [32m    LOG[39m [38;5;3m[RoutesResolver] [39m[32mAdminCoursesController {/api/admin/courses}:[39m[38;5;3m +0ms[39m
[32m[Nest] 5288  - [39m06/28/2025, 11:20:32 AM [32m    LOG[39m [38;5;3m[RouterExplorer] [39m[32mMapped {/api/admin/courses/companies, GET} route[39m[38;5;3m +0ms[39m
[32m[Nest] 5288  - [39m06/28/2025, 11:20:32 AM [32m    LOG[39m [38;5;3m[RouterExplorer] [39m[32mMapped {/api/admin/courses/companies/:companyId, GET} route[39m[38;5;3m +0ms[39m
[32m[Nest] 5288  - [39m06/28/2025, 11:20:32 AM [32m    LOG[39m [38;5;3m[RouterExplorer] [39m[32mMapped {/api/admin/courses/companies, POST} route[39m[38;5;3m +0ms[39m
[32m[Nest] 5288  - [39m06/28/2025, 11:20:32 AM [32m    LOG[39m [38;5;3m[RouterExplorer] [39m[32mMapped {/api/admin/courses/companies/:companyId, PATCH} route[39m[38;5;3m +0ms[39m
[32m[Nest] 5288  - [39m06/28/2025, 11:20:32 AM [32m    LOG[39m [38;5;3m[RouterExplorer] [39m[32mMapped {/api/admin/courses/companies/:companyId, DELETE} route[39m[38;5;3m +0ms[39m
[32m[Nest] 5288  - [39m06/28/2025, 11:20:32 AM [32m    LOG[39m [38;5;3m[RouterExplorer] [39m[32mMapped {/api/admin/courses, GET} route[39m[38;5;3m +0ms[39m
[32m[Nest] 5288  - [39m06/28/2025, 11:20:32 AM [32m    LOG[39m [38;5;3m[RouterExplorer] [39m[32mMapped {/api/admin/courses/:courseId, GET} route[39m[38;5;3m +1ms[39m
[32m[Nest] 5288  - [39m06/28/2025, 11:20:32 AM [32m    LOG[39m [38;5;3m[RouterExplorer] [39m[32mMapped {/api/admin/courses, POST} route[39m[38;5;3m +0ms[39m
[32m[Nest] 5288  - [39m06/28/2025, 11:20:32 AM [32m    LOG[39m [38;5;3m[RouterExplorer] [39m[32mMapped {/api/admin/courses/:courseId, PATCH} route[39m[38;5;3m +0ms[39m
[32m[Nest] 5288  - [39m06/28/2025, 11:20:32 AM [32m    LOG[39m [38;5;3m[RouterExplorer] [39m[32mMapped {/api/admin/courses/:courseId, DELETE} route[39m[38;5;3m +0ms[39m
[32m[Nest] 5288  - [39m06/28/2025, 11:20:32 AM [32m    LOG[39m [38;5;3m[RouterExplorer] [39m[32mMapped {/api/admin/courses/:courseId/time-slots, GET} route[39m[38;5;3m +0ms[39m
[32m[Nest] 5288  - [39m06/28/2025, 11:20:32 AM [32m    LOG[39m [38;5;3m[RouterExplorer] [39m[32mMapped {/api/admin/courses/:courseId/time-slots, POST} route[39m[38;5;3m +0ms[39m
[32m[Nest] 5288  - [39m06/28/2025, 11:20:32 AM [32m    LOG[39m [38;5;3m[RouterExplorer] [39m[32mMapped {/api/admin/courses/:courseId/time-slots/:timeSlotId, PATCH} route[39m[38;5;3m +0ms[39m
[32m[Nest] 5288  - [39m06/28/2025, 11:20:32 AM [32m    LOG[39m [38;5;3m[RouterExplorer] [39m[32mMapped {/api/admin/courses/:courseId/time-slots/:timeSlotId, DELETE} route[39m[38;5;3m +0ms[39m
[32m[Nest] 5288  - [39m06/28/2025, 11:20:32 AM [32m    LOG[39m [38;5;3m[RouterExplorer] [39m[32mMapped {/api/admin/courses/:courseId/weekly-schedule, GET} route[39m[38;5;3m +0ms[39m
[32m[Nest] 5288  - [39m06/28/2025, 11:20:32 AM [32m    LOG[39m [38;5;3m[RouterExplorer] [39m[32mMapped {/api/admin/courses/:courseId/weekly-schedule, PATCH} route[39m[38;5;3m +0ms[39m
[32m[Nest] 5288  - [39m06/28/2025, 11:20:32 AM [32m    LOG[39m [38;5;3m[RouterExplorer] [39m[32mMapped {/api/admin/courses/stats/overview, GET} route[39m[38;5;3m +0ms[39m
[32m[Nest] 5288  - [39m06/28/2025, 11:20:32 AM [32m    LOG[39m [38;5;3m[RoutesResolver] [39m[32mAdminBookingsController {/api/admin/bookings}:[39m[38;5;3m +0ms[39m
[32m[Nest] 5288  - [39m06/28/2025, 11:20:32 AM [32m    LOG[39m [38;5;3m[RouterExplorer] [39m[32mMapped {/api/admin/bookings, GET} route[39m[38;5;3m +0ms[39m
[32m[Nest] 5288  - [39m06/28/2025, 11:20:32 AM [32m    LOG[39m [38;5;3m[RouterExplorer] [39m[32mMapped {/api/admin/bookings/:bookingId, GET} route[39m[38;5;3m +0ms[39m
[32m[Nest] 5288  - [39m06/28/2025, 11:20:32 AM [32m    LOG[39m [38;5;3m[RouterExplorer] [39m[32mMapped {/api/admin/bookings, POST} route[39m[38;5;3m +0ms[39m
[32m[Nest] 5288  - [39m06/28/2025, 11:20:32 AM [32m    LOG[39m [38;5;3m[RouterExplorer] [39m[32mMapped {/api/admin/bookings/:bookingId, PATCH} route[39m[38;5;3m +0ms[39m
[32m[Nest] 5288  - [39m06/28/2025, 11:20:32 AM [32m    LOG[39m [38;5;3m[RouterExplorer] [39m[32mMapped {/api/admin/bookings/:bookingId/cancel, PATCH} route[39m[38;5;3m +0ms[39m
[32m[Nest] 5288  - [39m06/28/2025, 11:20:32 AM [32m    LOG[39m [38;5;3m[RouterExplorer] [39m[32mMapped {/api/admin/bookings/:bookingId/confirm, PATCH} route[39m[38;5;3m +0ms[39m
[32m[Nest] 5288  - [39m06/28/2025, 11:20:32 AM [32m    LOG[39m [38;5;3m[RouterExplorer] [39m[32mMapped {/api/admin/bookings/:bookingId/complete, PATCH} route[39m[38;5;3m +0ms[39m
[32m[Nest] 5288  - [39m06/28/2025, 11:20:32 AM [32m    LOG[39m [38;5;3m[RouterExplorer] [39m[32mMapped {/api/admin/bookings/:bookingId/no-show, PATCH} route[39m[38;5;3m +0ms[39m
[32m[Nest] 5288  - [39m06/28/2025, 11:20:32 AM [32m    LOG[39m [38;5;3m[RouterExplorer] [39m[32mMapped {/api/admin/bookings/payments/list, GET} route[39m[38;5;3m +0ms[39m
[32m[Nest] 5288  - [39m06/28/2025, 11:20:32 AM [32m    LOG[39m [38;5;3m[RouterExplorer] [39m[32mMapped {/api/admin/bookings/payments/:paymentId, GET} route[39m[38;5;3m +0ms[39m
[32m[Nest] 5288  - [39m06/28/2025, 11:20:32 AM [32m    LOG[39m [38;5;3m[RouterExplorer] [39m[32mMapped {/api/admin/bookings/payments/:paymentId/refund, POST} route[39m[38;5;3m +0ms[39m
[32m[Nest] 5288  - [39m06/28/2025, 11:20:32 AM [32m    LOG[39m [38;5;3m[RouterExplorer] [39m[32mMapped {/api/admin/bookings/history/list, GET} route[39m[38;5;3m +0ms[39m
[32m[Nest] 5288  - [39m06/28/2025, 11:20:32 AM [32m    LOG[39m [38;5;3m[RouterExplorer] [39m[32mMapped {/api/admin/bookings/stats/overview, GET} route[39m[38;5;3m +0ms[39m
[32m[Nest] 5288  - [39m06/28/2025, 11:20:32 AM [32m    LOG[39m [38;5;3m[RouterExplorer] [39m[32mMapped {/api/admin/bookings/stats/revenue, GET} route[39m[38;5;3m +1ms[39m
[32m[Nest] 5288  - [39m06/28/2025, 11:20:32 AM [32m    LOG[39m [38;5;3m[RouterExplorer] [39m[32mMapped {/api/admin/bookings/user/:userId, GET} route[39m[38;5;3m +0ms[39m
[32m[Nest] 5288  - [39m06/28/2025, 11:20:32 AM [32m    LOG[39m [38;5;3m[RouterExplorer] [39m[32mMapped {/api/admin/bookings/course/:courseId, GET} route[39m[38;5;3m +0ms[39m
[32m[Nest] 5288  - [39m06/28/2025, 11:20:32 AM [32m    LOG[39m [38;5;3m[RoutesResolver] [39m[32mAdminNotificationsController {/api/admin/notifications}:[39m[38;5;3m +0ms[39m
[32m[Nest] 5288  - [39m06/28/2025, 11:20:32 AM [32m    LOG[39m [38;5;3m[RouterExplorer] [39m[32mMapped {/api/admin/notifications, GET} route[39m[38;5;3m +0ms[39m
[32m[Nest] 5288  - [39m06/28/2025, 11:20:32 AM [32m    LOG[39m [38;5;3m[RouterExplorer] [39m[32mMapped {/api/admin/notifications/:notificationId, GET} route[39m[38;5;3m +0ms[39m
[32m[Nest] 5288  - [39m06/28/2025, 11:20:32 AM [32m    LOG[39m [38;5;3m[RouterExplorer] [39m[32mMapped {/api/admin/notifications, POST} route[39m[38;5;3m +0ms[39m
[32m[Nest] 5288  - [39m06/28/2025, 11:20:32 AM [32m    LOG[39m [38;5;3m[RouterExplorer] [39m[32mMapped {/api/admin/notifications/send-bulk, POST} route[39m[38;5;3m +0ms[39m
[32m[Nest] 5288  - [39m06/28/2025, 11:20:32 AM [32m    LOG[39m [38;5;3m[RouterExplorer] [39m[32mMapped {/api/admin/notifications/user/:userId, GET} route[39m[38;5;3m +0ms[39m
[32m[Nest] 5288  - [39m06/28/2025, 11:20:32 AM [32m    LOG[39m [38;5;3m[RouterExplorer] [39m[32mMapped {/api/admin/notifications/:notificationId/mark-read/:userId, POST} route[39m[38;5;3m +0ms[39m
[32m[Nest] 5288  - [39m06/28/2025, 11:20:32 AM [32m    LOG[39m [38;5;3m[RouterExplorer] [39m[32mMapped {/api/admin/notifications/mark-all-read/:userId, POST} route[39m[38;5;3m +0ms[39m
[32m[Nest] 5288  - [39m06/28/2025, 11:20:32 AM [32m    LOG[39m [38;5;3m[RouterExplorer] [39m[32mMapped {/api/admin/notifications/templates/list, GET} route[39m[38;5;3m +0ms[39m
[32m[Nest] 5288  - [39m06/28/2025, 11:20:32 AM [32m    LOG[39m [38;5;3m[RouterExplorer] [39m[32mMapped {/api/admin/notifications/templates/:templateId, GET} route[39m[38;5;3m +0ms[39m
[32m[Nest] 5288  - [39m06/28/2025, 11:20:32 AM [32m    LOG[39m [38;5;3m[RouterExplorer] [39m[32mMapped {/api/admin/notifications/templates, POST} route[39m[38;5;3m +0ms[39m
[32m[Nest] 5288  - [39m06/28/2025, 11:20:32 AM [32m    LOG[39m [38;5;3m[RouterExplorer] [39m[32mMapped {/api/admin/notifications/templates/:templateId, PATCH} route[39m[38;5;3m +0ms[39m
[32m[Nest] 5288  - [39m06/28/2025, 11:20:32 AM [32m    LOG[39m [38;5;3m[RouterExplorer] [39m[32mMapped {/api/admin/notifications/templates/:templateId, DELETE} route[39m[38;5;3m +0ms[39m
[32m[Nest] 5288  - [39m06/28/2025, 11:20:32 AM [32m    LOG[39m [38;5;3m[RouterExplorer] [39m[32mMapped {/api/admin/notifications/templates/:templateId/test, POST} route[39m[38;5;3m +0ms[39m
[32m[Nest] 5288  - [39m06/28/2025, 11:20:32 AM [32m    LOG[39m [38;5;3m[RouterExplorer] [39m[32mMapped {/api/admin/notifications/preferences/:userId, GET} route[39m[38;5;3m +0ms[39m
[32m[Nest] 5288  - [39m06/28/2025, 11:20:32 AM [32m    LOG[39m [38;5;3m[RouterExplorer] [39m[32mMapped {/api/admin/notifications/preferences/:userId, PATCH} route[39m[38;5;3m +0ms[39m
[32m[Nest] 5288  - [39m06/28/2025, 11:20:32 AM [32m    LOG[39m [38;5;3m[RouterExplorer] [39m[32mMapped {/api/admin/notifications/stats/overview, GET} route[39m[38;5;3m +0ms[39m
[32m[Nest] 5288  - [39m06/28/2025, 11:20:32 AM [32m    LOG[39m [38;5;3m[RouterExplorer] [39m[32mMapped {/api/admin/notifications/stats/delivery, GET} route[39m[38;5;3m +0ms[39m
[32m[Nest] 5288  - [39m06/28/2025, 11:20:32 AM [32m    LOG[39m [38;5;3m[RouterExplorer] [39m[32mMapped {/api/admin/notifications/campaigns/list, GET} route[39m[38;5;3m +0ms[39m
[32m[Nest] 5288  - [39m06/28/2025, 11:20:32 AM [32m    LOG[39m [38;5;3m[RouterExplorer] [39m[32mMapped {/api/admin/notifications/campaigns, POST} route[39m[38;5;3m +0ms[39m
[32m[Nest] 5288  - [39m06/28/2025, 11:20:32 AM [32m    LOG[39m [38;5;3m[RoutesResolver] [39m[32mAdminDashboardController {/api/admin/dashboard}:[39m[38;5;3m +0ms[39m
[32m[Nest] 5288  - [39m06/28/2025, 11:20:32 AM [32m    LOG[39m [38;5;3m[RouterExplorer] [39m[32mMapped {/api/admin/dashboard/overview, GET} route[39m[38;5;3m +0ms[39m
[32m[Nest] 5288  - [39m06/28/2025, 11:20:32 AM [32m    LOG[39m [38;5;3m[RouterExplorer] [39m[32mMapped {/api/admin/dashboard/stats/real-time, GET} route[39m[38;5;3m +1ms[39m
[32m[Nest] 5288  - [39m06/28/2025, 11:20:32 AM [32m    LOG[39m [38;5;3m[RouterExplorer] [39m[32mMapped {/api/admin/dashboard/stats/trends, GET} route[39m[38;5;3m +0ms[39m
[32m[Nest] 5288  - [39m06/28/2025, 11:20:32 AM [32m    LOG[39m [38;5;3m[RouterExplorer] [39m[32mMapped {/api/admin/dashboard/stats/performance, GET} route[39m[38;5;3m +0ms[39m
[32m[Nest] 5288  - [39m06/28/2025, 11:20:32 AM [32m    LOG[39m [38;5;3m[RouterExplorer] [39m[32mMapped {/api/admin/dashboard/stats/top-metrics, GET} route[39m[38;5;3m +0ms[39m
[32m[Nest] 5288  - [39m06/28/2025, 11:20:32 AM [32m    LOG[39m [38;5;3m[RouterExplorer] [39m[32mMapped {/api/admin/dashboard/stats/alerts, GET} route[39m[38;5;3m +0ms[39m
[32m[Nest] 5288  - [39m06/28/2025, 11:20:32 AM [32m    LOG[39m [38;5;3m[RoutesResolver] [39m[32mHealthController {/health}:[39m[38;5;3m +0ms[39m
[32m[Nest] 5288  - [39m06/28/2025, 11:20:32 AM [32m    LOG[39m [38;5;3m[RouterExplorer] [39m[32mMapped {/health, GET} route[39m[38;5;3m +0ms[39m
[32m[Nest] 5288  - [39m06/28/2025, 11:20:32 AM [32m    LOG[39m [38;5;3m[RouterExplorer] [39m[32mMapped {/health/ready, GET} route[39m[38;5;3m +0ms[39m
[32m[Nest] 5288  - [39m06/28/2025, 11:20:32 AM [32m    LOG[39m [38;5;3m[RouterExplorer] [39m[32mMapped {/health/live, GET} route[39m[38;5;3m +0ms[39m
prisma:info Starting a postgresql pool with 17 connections.
[32m[Nest] 5288  - [39m06/28/2025, 11:20:32 AM [32m    LOG[39m [38;5;3m[PrismaService] [39m[32m🗄️  Database connected for parkgolf-admin-api[39m
[32m[Nest] 5288  - [39m06/28/2025, 11:20:32 AM [32m    LOG[39m [38;5;3m[NestApplication] [39m[32mNest application successfully started[39m[38;5;3m +1ms[39m
[31m[Nest] 5288  - [39m06/28/2025, 11:20:32 AM [31m  ERROR[39m [38;5;3m[NestApplication] [39m[31mError: listen EADDRINUSE: address already in use :::3011[39m[38;5;3m +1ms[39m
[31m[Nest] 5288  - [39m06/28/2025, 11:20:32 AM [31m  ERROR[39m [38;5;3m[Bootstrap] [39m[31mFailed to start Admin BFF[39m
[31m[Nest] 5288  - [39m06/28/2025, 11:20:32 AM [31m  ERROR[39m [38;5;3m[Bootstrap] [39mError: listen EADDRINUSE: address already in use :::3011
[90m    at Server.setupListenHandle [as _listen2] (node:net:1939:16)[39m
[90m    at listenInCluster (node:net:1996:12)[39m
[90m    at Server.listen (node:net:2101:7)[39m
    at ExpressAdapter.listen (/Users/sungyoo/git/uniyous/parkgolf/node_modules/[4m@nestjs[24m/platform-express/adapters/express-adapter.js:108:32)
    at /Users/sungyoo/git/uniyous/parkgolf/node_modules/[4m@nestjs[24m/core/nest-application.js:185:30
    at new Promise (<anonymous>)
    at NestApplication.listen (/Users/sungyoo/git/uniyous/parkgolf/node_modules/[4m@nestjs[24m/core/nest-application.js:175:16)
    at async bootstrap [90m(/Users/sungyoo/git/uniyous/parkgolf/parkgolf-admin-api/[39msrc/main.ts:84:5[90m)[39m {
  code: [32m'EADDRINUSE'[39m,
  errno: [33m-48[39m,
  syscall: [32m'listen'[39m,
  address: [32m'::'[39m,
  port: [33m3011[39m
}
npm error Lifecycle script `start:dev` failed with error:
npm error code 1
npm error path /Users/sungyoo/git/uniyous/parkgolf/parkgolf-admin-api
npm error workspace parkgolf-admin-api@0.0.1
npm error location /Users/sungyoo/git/uniyous/parkgolf/parkgolf-admin-api
npm error command failed
npm error command sh -c cross-env NODE_ENV=development nest start --watch
