
> parkgolf-auth-service@0.0.1 start:dev
> cross-env NODE_ENV=development nest start --watch

[2J[3J[H[[90m11:19:51 AM[0m] Starting compilation in watch mode...

[96msrc/auth/auth.controller.ts[0m:[93m9[0m:[93m10[0m - [91merror[0m[90m TS2305: [0mModule '"@prisma/client"' has no exported member 'Role'.

[7m9[0m import { Role } from '@prisma/client';
[7m [0m [91m         ~~~~[0m

[96msrc/auth/auth.service.ts[0m:[93m5[0m:[93m10[0m - [91merror[0m[90m TS2305: [0mModule '"@prisma/client"' has no exported member 'User'.

[7m5[0m import { User } from '@prisma/client';
[7m [0m [91m         ~~~~[0m

[96msrc/auth/decorators/roles.decorator.ts[0m:[93m2[0m:[93m10[0m - [91merror[0m[90m TS2305: [0mModule '"@prisma/client"' has no exported member 'Role'.

[7m2[0m import { Role } from '@prisma/client'; // Your Prisma Role enum
[7m [0m [91m         ~~~~[0m

[96msrc/auth/guards/roles.guard.ts[0m:[93m3[0m:[93m10[0m - [91merror[0m[90m TS2305: [0mModule '"@prisma/client"' has no exported member 'Role'.

[7m3[0m import { Role } from '@prisma/client';
[7m [0m [91m         ~~~~[0m

[96msrc/auth/interfaces/jwt-payload.interface.ts[0m:[93m1[0m:[93m10[0m - [91merror[0m[90m TS2305: [0mModule '"@prisma/client"' has no exported member 'Role'.

[7m1[0m import { Role } from '@prisma/client';
[7m [0m [91m         ~~~~[0m

[96msrc/auth/strategies/jwt.strategy.ts[0m:[93m7[0m:[93m10[0m - [91merror[0m[90m TS2305: [0mModule '"@prisma/client"' has no exported member 'User'.

[7m7[0m import { User } from '@prisma/client';
[7m [0m [91m         ~~~~[0m

[96msrc/auth/strategies/local.strategy.ts[0m:[93m5[0m:[93m10[0m - [91merror[0m[90m TS2305: [0mModule '"@prisma/client"' has no exported member 'User'.

[7m5[0m import { User } from '@prisma/client';
[7m [0m [91m         ~~~~[0m

[96msrc/user/entities/user.entity.ts[0m:[93m2[0m:[93m9[0m - [91merror[0m[90m TS2305: [0mModule '"@prisma/client"' has no exported member 'Role'.

[7m2[0m import {Role, User as PrismaUser} from '@prisma/client';
[7m [0m [91m        ~~~~[0m

[96msrc/user/entities/user.entity.ts[0m:[93m2[0m:[93m15[0m - [91merror[0m[90m TS2305: [0mModule '"@prisma/client"' has no exported member 'User'.

[7m2[0m import {Role, User as PrismaUser} from '@prisma/client';
[7m [0m [91m              ~~~~[0m

[96msrc/user/user.service.ts[0m:[93m11[0m:[93m10[0m - [91merror[0m[90m TS2305: [0mModule '"@prisma/client"' has no exported member 'User'.

[7m11[0m import { User } from '@prisma/client';
[7m  [0m [91m         ~~~~[0m

[96msrc/user/user.service.ts[0m:[93m25[0m:[93m48[0m - [91merror[0m[90m TS2339: [0mProperty 'user' does not exist on type 'PrismaService'.

[7m25[0m         const existingUser = await this.prisma.user.findUnique({
[7m  [0m [91m                                               ~~~~[0m

[96msrc/user/user.service.ts[0m:[93m39[0m:[93m47[0m - [91merror[0m[90m TS2339: [0mProperty 'user' does not exist on type 'PrismaService'.

[7m39[0m             const newUser = await this.prisma.user.create({
[7m  [0m [91m                                              ~~~~[0m

[96msrc/user/user.service.ts[0m:[93m57[0m:[93m40[0m - [91merror[0m[90m TS2339: [0mProperty 'user' does not exist on type 'PrismaService'.

[7m57[0m         const user = await this.prisma.user.findUnique({ where: { id } });
[7m  [0m [91m                                       ~~~~[0m

[96msrc/user/user.service.ts[0m:[93m65[0m:[93m64[0m - [91merror[0m[90m TS2339: [0mProperty 'user' does not exist on type 'PrismaService'.

[7m65[0m             const existingUserWithNewEmail = await this.prisma.user.findUnique({
[7m  [0m [91m                                                               ~~~~[0m

[96msrc/user/user.service.ts[0m:[93m87[0m:[93m47[0m - [91merror[0m[90m TS2339: [0mProperty 'user' does not exist on type 'PrismaService'.

[7m87[0m         const updatedUser = await this.prisma.user.update({
[7m  [0m [91m                                              ~~~~[0m

[96msrc/user/user.service.ts[0m:[93m96[0m:[93m40[0m - [91merror[0m[90m TS2339: [0mProperty 'user' does not exist on type 'PrismaService'.

[7m96[0m         const user = await this.prisma.user.findUnique({ where: { id } });
[7m  [0m [91m                                       ~~~~[0m

[96msrc/user/user.service.ts[0m:[93m101[0m:[93m27[0m - [91merror[0m[90m TS2339: [0mProperty 'user' does not exist on type 'PrismaService'.

[7m101[0m         await this.prisma.user.delete({
[7m   [0m [91m                          ~~~~[0m

[96msrc/user/user.service.ts[0m:[93m110[0m:[93m28[0m - [91merror[0m[90m TS2339: [0mProperty 'user' does not exist on type 'PrismaService'.

[7m110[0m         return this.prisma.user.findUnique({ where: { id } });
[7m   [0m [91m                           ~~~~[0m

[96msrc/user/user.service.ts[0m:[93m114[0m:[93m28[0m - [91merror[0m[90m TS2339: [0mProperty 'user' does not exist on type 'PrismaService'.

[7m114[0m         return this.prisma.user.findUnique({ where: { email } });
[7m   [0m [91m                           ~~~~[0m

[[90m11:19:52 AM[0m] Found 19 errors. Watching for file changes.

[2J[3J[H[[90m11:20:31 AM[0m] File change detected. Starting incremental compilation...

[[90m11:20:31 AM[0m] Found 0 errors. Watching for file changes.

[32m[Nest] 5289  - [39m06/28/2025, 11:20:32 AM [32m    LOG[39m [38;5;3m[NestFactory] [39m[32mStarting Nest application...[39m
[32m[Nest] 5289  - [39m06/28/2025, 11:20:32 AM [32m    LOG[39m [38;5;3m[InstanceLoader] [39m[32mAppModule dependencies initialized[39m[38;5;3m +7ms[39m
[32m[Nest] 5289  - [39m06/28/2025, 11:20:32 AM [32m    LOG[39m [38;5;3m[InstanceLoader] [39m[32mPrismaModule dependencies initialized[39m[38;5;3m +106ms[39m
[32m[Nest] 5289  - [39m06/28/2025, 11:20:32 AM [32m    LOG[39m [38;5;3m[InstanceLoader] [39m[32mPassportModule dependencies initialized[39m[38;5;3m +0ms[39m
[32m[Nest] 5289  - [39m06/28/2025, 11:20:32 AM [32m    LOG[39m [38;5;3m[InstanceLoader] [39m[32mConfigHostModule dependencies initialized[39m[38;5;3m +2ms[39m
[32m[Nest] 5289  - [39m06/28/2025, 11:20:32 AM [32m    LOG[39m [38;5;3m[InstanceLoader] [39m[32mConfigModule dependencies initialized[39m[38;5;3m +1ms[39m
[32m[Nest] 5289  - [39m06/28/2025, 11:20:32 AM [32m    LOG[39m [38;5;3m[InstanceLoader] [39m[32mConfigModule dependencies initialized[39m[38;5;3m +0ms[39m
[32m[Nest] 5289  - [39m06/28/2025, 11:20:32 AM [32m    LOG[39m [38;5;3m[InstanceLoader] [39m[32mUserModule dependencies initialized[39m[38;5;3m +0ms[39m
[32m[Nest] 5289  - [39m06/28/2025, 11:20:32 AM [32m    LOG[39m [38;5;3m[InstanceLoader] [39m[32mJwtModule dependencies initialized[39m[38;5;3m +1ms[39m
[32m[Nest] 5289  - [39m06/28/2025, 11:20:32 AM [32m    LOG[39m [38;5;3m[InstanceLoader] [39m[32mAuthModule dependencies initialized[39m[38;5;3m +0ms[39m
[32m[Nest] 5289  - [39m06/28/2025, 11:20:32 AM [32m    LOG[39m [38;5;3m[RoutesResolver] [39m[32mAuthController {/auth}:[39m[38;5;3m +18ms[39m
[32m[Nest] 5289  - [39m06/28/2025, 11:20:32 AM [32m    LOG[39m [38;5;3m[RouterExplorer] [39m[32mMapped {/auth/login, POST} route[39m[38;5;3m +2ms[39m
[32m[Nest] 5289  - [39m06/28/2025, 11:20:32 AM [32m    LOG[39m [38;5;3m[RouterExplorer] [39m[32mMapped {/auth/profile, GET} route[39m[38;5;3m +0ms[39m
[32m[Nest] 5289  - [39m06/28/2025, 11:20:32 AM [32m    LOG[39m [38;5;3m[RouterExplorer] [39m[32mMapped {/auth/admin-only, GET} route[39m[38;5;3m +0ms[39m
[32m[Nest] 5289  - [39m06/28/2025, 11:20:32 AM [32m    LOG[39m [38;5;3m[RouterExplorer] [39m[32mMapped {/auth/user-or-admin, GET} route[39m[38;5;3m +0ms[39m
[32m[Nest] 5289  - [39m06/28/2025, 11:20:32 AM [32m    LOG[39m [38;5;3m[RoutesResolver] [39m[32mUserController {/users}:[39m[38;5;3m +0ms[39m
[32m[Nest] 5289  - [39m06/28/2025, 11:20:32 AM [32m    LOG[39m [38;5;3m[RouterExplorer] [39m[32mMapped {/users/signup, POST} route[39m[38;5;3m +0ms[39m
[32m[Nest] 5289  - [39m06/28/2025, 11:20:32 AM [32m    LOG[39m [38;5;3m[RouterExplorer] [39m[32mMapped {/users/:id, PATCH} route[39m[38;5;3m +1ms[39m
[32m[Nest] 5289  - [39m06/28/2025, 11:20:32 AM [32m    LOG[39m [38;5;3m[RouterExplorer] [39m[32mMapped {/users/:id, DELETE} route[39m[38;5;3m +0ms[39m
🗄️  Database connected for parkgolf-auth-service
[32m[Nest] 5289  - [39m06/28/2025, 11:20:32 AM [32m    LOG[39m [38;5;3m[NestApplication] [39m[32mNest application successfully started[39m[38;5;3m +16ms[39m
[31m[Nest] 5289  - [39m06/28/2025, 11:20:32 AM [31m  ERROR[39m [38;5;3m[NestApplication] [39m[31mError: listen EADDRINUSE: address already in use :::3011[39m[38;5;3m +1ms[39m
[31m[Nest] 5289  - [39m06/28/2025, 11:20:32 AM [31m  ERROR[39m [38;5;3m[Bootstrap] [39m[31mFailed to start Auth Service[39m
[31m[Nest] 5289  - [39m06/28/2025, 11:20:32 AM [31m  ERROR[39m [38;5;3m[Bootstrap] [39mError: listen EADDRINUSE: address already in use :::3011
[90m    at Server.setupListenHandle [as _listen2] (node:net:1939:16)[39m
[90m    at listenInCluster (node:net:1996:12)[39m
[90m    at Server.listen (node:net:2101:7)[39m
    at ExpressAdapter.listen (/Users/sungyoo/git/uniyous/parkgolf/node_modules/[4m@nestjs[24m/platform-express/adapters/express-adapter.js:108:32)
    at /Users/sungyoo/git/uniyous/parkgolf/node_modules/[4m@nestjs[24m/core/nest-application.js:185:30
    at new Promise (<anonymous>)
    at NestApplication.listen (/Users/sungyoo/git/uniyous/parkgolf/node_modules/[4m@nestjs[24m/core/nest-application.js:175:16)
    at async bootstrap [90m(/Users/sungyoo/git/uniyous/parkgolf/parkgolf-auth-service/[39msrc/main.ts:43:5[90m)[39m {
  code: [32m'EADDRINUSE'[39m,
  errno: [33m-48[39m,
  syscall: [32m'listen'[39m,
  address: [32m'::'[39m,
  port: [33m3011[39m
}
npm error Lifecycle script `start:dev` failed with error:
npm error code 1
npm error path /Users/sungyoo/git/uniyous/parkgolf/parkgolf-auth-service
npm error workspace parkgolf-auth-service@0.0.1
npm error location /Users/sungyoo/git/uniyous/parkgolf/parkgolf-auth-service
npm error command failed
npm error command sh -c cross-env NODE_ENV=development nest start --watch
